  endecode.cpp
F:\Mir2dev\Mir2Development\Source\LoginServer\Common\endecode.cpp(109,12): warning C4996: 'fopen': This function or variable may be unsafe. Consider using fopen_s instead. To disable deprecation, use _CRT_SECURE_NO_WARNINGS. See online help for details.
  mir2packet.cpp
F:\Mir2dev\Mir2Development\Source\LoginServer\Common\mir2packet.cpp(70,2): warning C4996: 'itoa': The POSIX name for this item is deprecated. Instead, use the ISO C and C++ conformant name: _itoa. See online help for details.
  netiocp.cpp
F:\Mir2dev\Mir2Development\Source\LoginServer\_Oranze Library\netiocp.cpp(35,13): warning C4996: 'WSASocketA': Use WSASocketW() instead or define _WINSOCK_DEPRECATED_NO_WARNINGS to disable deprecated API warnings
F:\Mir2dev\Mir2Development\Source\LoginServer\_Oranze Library\netiocp.cpp(380,22): warning C4996: 'WSASocketA': Use WSASocketW() instead or define _WINSOCK_DEPRECATED_NO_WARNINGS to disable deprecated API warnings
  dlgcfg.cpp
  loginsvrwnd.cpp
F:\Mir2dev\Mir2Development\Source\LoginServer\LoginServer\loginsvrwnd.cpp(131,2): warning C4996: 'sprintf': This function or variable may be unsafe. Consider using sprintf_s instead. To disable deprecation, use _CRT_SECURE_NO_WARNINGS. See online help for details.
F:\Mir2dev\Mir2Development\Source\LoginServer\LoginServer\loginsvrwnd.cpp(141,2): warning C4996: 'sprintf': This function or variable may be unsafe. Consider using sprintf_s instead. To disable deprecation, use _CRT_SECURE_NO_WARNINGS. See online help for details.
F:\Mir2dev\Mir2Development\Source\LoginServer\LoginServer\loginsvrwnd.cpp(151,2): warning C4996: 'sprintf': This function or variable may be unsafe. Consider using sprintf_s instead. To disable deprecation, use _CRT_SECURE_NO_WARNINGS. See online help for details.
F:\Mir2dev\Mir2Development\Source\LoginServer\LoginServer\loginsvrwnd.cpp(166,2): warning C4996: 'strcpy': This function or variable may be unsafe. Consider using strcpy_s instead. To disable deprecation, use _CRT_SECURE_NO_WARNINGS. See online help for details.
F:\Mir2dev\Mir2Development\Source\LoginServer\LoginServer\loginsvrwnd.cpp(171,3): warning C4996: 'strcat': This function or variable may be unsafe. Consider using strcat_s instead. To disable deprecation, use _CRT_SECURE_NO_WARNINGS. See online help for details.
F:\Mir2dev\Mir2Development\Source\LoginServer\LoginServer\loginsvrwnd.cpp(177,3): warning C4996: 'strcat': This function or variable may be unsafe. Consider using strcat_s instead. To disable deprecation, use _CRT_SECURE_NO_WARNINGS. See online help for details.
F:\Mir2dev\Mir2Development\Source\LoginServer\LoginServer\loginsvrwnd.cpp(269,2): warning C4996: 'sscanf': This function or variable may be unsafe. Consider using sscanf_s instead. To disable deprecation, use _CRT_SECURE_NO_WARNINGS. See online help for details.
F:\Mir2dev\Mir2Development\Source\LoginServer\LoginServer\loginsvrwnd.cpp(296,2): warning C4996: 'strcpy': This function or variable may be unsafe. Consider using strcpy_s instead. To disable deprecation, use _CRT_SECURE_NO_WARNINGS. See online help for details.
F:\Mir2dev\Mir2Development\Source\LoginServer\LoginServer\loginsvrwnd.cpp(298,2): warning C4996: 'sscanf': This function or variable may be unsafe. Consider using sscanf_s instead. To disable deprecation, use _CRT_SECURE_NO_WARNINGS. See online help for details.
F:\Mir2dev\Mir2Development\Source\LoginServer\LoginServer\loginsvrwnd.cpp(310,2): warning C4996: 'sprintf': This function or variable may be unsafe. Consider using sprintf_s instead. To disable deprecation, use _CRT_SECURE_NO_WARNINGS. See online help for details.
F:\Mir2dev\Mir2Development\Source\LoginServer\LoginServer\loginsvrwnd.cpp(483,3): warning C4996: 'strncpy': This function or variable may be unsafe. Consider using strncpy_s instead. To disable deprecation, use _CRT_SECURE_NO_WARNINGS. See online help for details.
F:\Mir2dev\Mir2Development\Source\LoginServer\LoginServer\loginsvrwnd.cpp(505,2): warning C4996: 'strncpy': This function or variable may be unsafe. Consider using strncpy_s instead. To disable deprecation, use _CRT_SECURE_NO_WARNINGS. See online help for details.
F:\Mir2dev\Mir2Development\Source\LoginServer\LoginServer\loginsvrwnd.cpp(511,2): warning C4996: 'strncpy': This function or variable may be unsafe. Consider using strncpy_s instead. To disable deprecation, use _CRT_SECURE_NO_WARNINGS. See online help for details.
F:\Mir2dev\Mir2Development\Source\LoginServer\LoginServer\loginsvrwnd.cpp(512,2): warning C4996: 'strncpy': This function or variable may be unsafe. Consider using strncpy_s instead. To disable deprecation, use _CRT_SECURE_NO_WARNINGS. See online help for details.
F:\Mir2dev\Mir2Development\Source\LoginServer\LoginServer\loginsvrwnd.cpp(513,2): warning C4996: 'strncpy': This function or variable may be unsafe. Consider using strncpy_s instead. To disable deprecation, use _CRT_SECURE_NO_WARNINGS. See online help for details.
  mir2dbhandler.cpp
  mir2wnd.cpp
F:\Mir2dev\Mir2Development\Source\LoginServer\LoginServer\mir2wnd.cpp(113,2): warning C4996: 'vsprintf': This function or variable may be unsafe. Consider using vsprintf_s instead. To disable deprecation, use _CRT_SECURE_NO_WARNINGS. See online help for details.
F:\Mir2dev\Mir2Development\Source\LoginServer\LoginServer\mir2wnd.cpp(146,2): warning C4996: 'vsprintf': This function or variable may be unsafe. Consider using vsprintf_s instead. To disable deprecation, use _CRT_SECURE_NO_WARNINGS. See online help for details.
  netcheckserver.cpp
  netgameserver.cpp
F:\Mir2dev\Mir2Development\Source\LoginServer\LoginServer\netgameserver.cpp(40,2): warning C4996: 'strcpy': This function or variable may be unsafe. Consider using strcpy_s instead. To disable deprecation, use _CRT_SECURE_NO_WARNINGS. See online help for details.
F:\Mir2dev\Mir2Development\Source\LoginServer\LoginServer\netgameserver.cpp(42,2): warning C4996: 'strcpy': This function or variable may be unsafe. Consider using strcpy_s instead. To disable deprecation, use _CRT_SECURE_NO_WARNINGS. See online help for details.
F:\Mir2dev\Mir2Development\Source\LoginServer\LoginServer\netgameserver.cpp(110,19): warning C4996: 'itoa': The POSIX name for this item is deprecated. Instead, use the ISO C and C++ conformant name: _itoa. See online help for details.
F:\Mir2dev\Mir2Development\Source\LoginServer\LoginServer\netgameserver.cpp(128,19): warning C4996: 'itoa': The POSIX name for this item is deprecated. Instead, use the ISO C and C++ conformant name: _itoa. See online help for details.
F:\Mir2dev\Mir2Development\Source\LoginServer\LoginServer\netgameserver.cpp(301,2): warning C4996: 'strcpy': This function or variable may be unsafe. Consider using strcpy_s instead. To disable deprecation, use _CRT_SECURE_NO_WARNINGS. See online help for details.
F:\Mir2dev\Mir2Development\Source\LoginServer\LoginServer\netgameserver.cpp(384,2): warning C4996: 'strcpy': This function or variable may be unsafe. Consider using strcpy_s instead. To disable deprecation, use _CRT_SECURE_NO_WARNINGS. See online help for details.
F:\Mir2dev\Mir2Development\Source\LoginServer\LoginServer\netgameserver.cpp(447,2): warning C4996: 'sprintf': This function or variable may be unsafe. Consider using sprintf_s instead. To disable deprecation, use _CRT_SECURE_NO_WARNINGS. See online help for details.
F:\Mir2dev\Mir2Development\Source\LoginServer\LoginServer\netgameserver.cpp(500,7): warning C4996: 'sprintf': This function or variable may be unsafe. Consider using sprintf_s instead. To disable deprecation, use _CRT_SECURE_NO_WARNINGS. See online help for details.
F:\Mir2dev\Mir2Development\Source\LoginServer\LoginServer\netgameserver.cpp(504,7): warning C4996: 'sprintf': This function or variable may be unsafe. Consider using sprintf_s instead. To disable deprecation, use _CRT_SECURE_NO_WARNINGS. See online help for details.
F:\Mir2dev\Mir2Development\Source\LoginServer\LoginServer\netgameserver.cpp(515,7): warning C4996: 'sprintf': This function or variable may be unsafe. Consider using sprintf_s instead. To disable deprecation, use _CRT_SECURE_NO_WARNINGS. See online help for details.
F:\Mir2dev\Mir2Development\Source\LoginServer\LoginServer\netgameserver.cpp(521,7): warning C4996: 'sprintf': This function or variable may be unsafe. Consider using sprintf_s instead. To disable deprecation, use _CRT_SECURE_NO_WARNINGS. See online help for details.
F:\Mir2dev\Mir2Development\Source\LoginServer\LoginServer\netgameserver.cpp(532,7): warning C4996: 'sprintf': This function or variable may be unsafe. Consider using sprintf_s instead. To disable deprecation, use _CRT_SECURE_NO_WARNINGS. See online help for details.
F:\Mir2dev\Mir2Development\Source\LoginServer\LoginServer\netgameserver.cpp(634,6): warning C4996: 'strcpy': This function or variable may be unsafe. Consider using strcpy_s instead. To disable deprecation, use _CRT_SECURE_NO_WARNINGS. See online help for details.
F:\Mir2dev\Mir2Development\Source\LoginServer\LoginServer\netgameserver.cpp(596,2): warning C4996: 'sprintf': This function or variable may be unsafe. Consider using sprintf_s instead. To disable deprecation, use _CRT_SECURE_NO_WARNINGS. See online help for details.
F:\Mir2dev\Mir2Development\Source\LoginServer\LoginServer\netgameserver.cpp(724,3): warning C4996: 'strcpy': This function or variable may be unsafe. Consider using strcpy_s instead. To disable deprecation, use _CRT_SECURE_NO_WARNINGS. See online help for details.
F:\Mir2dev\Mir2Development\Source\LoginServer\LoginServer\netgameserver.cpp(726,3): warning C4996: 'strcpy': This function or variable may be unsafe. Consider using strcpy_s instead. To disable deprecation, use _CRT_SECURE_NO_WARNINGS. See online help for details.
F:\Mir2dev\Mir2Development\Source\LoginServer\LoginServer\netgameserver.cpp(748,3): warning C4996: 'strcpy': This function or variable may be unsafe. Consider using strcpy_s instead. To disable deprecation, use _CRT_SECURE_NO_WARNINGS. See online help for details.
F:\Mir2dev\Mir2Development\Source\LoginServer\LoginServer\netgameserver.cpp(673,2): warning C4996: 'strncpy': This function or variable may be unsafe. Consider using strncpy_s instead. To disable deprecation, use _CRT_SECURE_NO_WARNINGS. See online help for details.
F:\Mir2dev\Mir2Development\Source\LoginServer\LoginServer\netgameserver.cpp(674,2): warning C4996: 'strncpy': This function or variable may be unsafe. Consider using strncpy_s instead. To disable deprecation, use _CRT_SECURE_NO_WARNINGS. See online help for details.
F:\Mir2dev\Mir2Development\Source\LoginServer\LoginServer\netgameserver.cpp(675,2): warning C4996: 'strncpy': This function or variable may be unsafe. Consider using strncpy_s instead. To disable deprecation, use _CRT_SECURE_NO_WARNINGS. See online help for details.
F:\Mir2dev\Mir2Development\Source\LoginServer\LoginServer\netgameserver.cpp(709,2): warning C4996: 'sprintf': This function or variable may be unsafe. Consider using sprintf_s instead. To disable deprecation, use _CRT_SECURE_NO_WARNINGS. See online help for details.
F:\Mir2dev\Mir2Development\Source\LoginServer\LoginServer\netgameserver.cpp(771,4): warning C4996: 'sprintf': This function or variable may be unsafe. Consider using sprintf_s instead. To disable deprecation, use _CRT_SECURE_NO_WARNINGS. See online help for details.
F:\Mir2dev\Mir2Development\Source\LoginServer\LoginServer\netgameserver.cpp(852,3): warning C4996: 'strcpy': This function or variable may be unsafe. Consider using strcpy_s instead. To disable deprecation, use _CRT_SECURE_NO_WARNINGS. See online help for details.
F:\Mir2dev\Mir2Development\Source\LoginServer\LoginServer\netgameserver.cpp(804,2): warning C4996: 'strncpy': This function or variable may be unsafe. Consider using strncpy_s instead. To disable deprecation, use _CRT_SECURE_NO_WARNINGS. See online help for details.
F:\Mir2dev\Mir2Development\Source\LoginServer\LoginServer\netgameserver.cpp(805,2): warning C4996: 'strncpy': This function or variable may be unsafe. Consider using strncpy_s instead. To disable deprecation, use _CRT_SECURE_NO_WARNINGS. See online help for details.
F:\Mir2dev\Mir2Development\Source\LoginServer\LoginServer\netgameserver.cpp(806,2): warning C4996: 'strncpy': This function or variable may be unsafe. Consider using strncpy_s instead. To disable deprecation, use _CRT_SECURE_NO_WARNINGS. See online help for details.
F:\Mir2dev\Mir2Development\Source\LoginServer\LoginServer\netgameserver.cpp(838,2): warning C4996: 'sprintf': This function or variable may be unsafe. Consider using sprintf_s instead. To disable deprecation, use _CRT_SECURE_NO_WARNINGS. See online help for details.
F:\Mir2dev\Mir2Development\Source\LoginServer\LoginServer\netgameserver.cpp(862,4): warning C4996: 'sprintf': This function or variable may be unsafe. Consider using sprintf_s instead. To disable deprecation, use _CRT_SECURE_NO_WARNINGS. See online help for details.
F:\Mir2dev\Mir2Development\Source\LoginServer\LoginServer\netgameserver.cpp(933,2): warning C4996: 'sprintf': This function or variable may be unsafe. Consider using sprintf_s instead. To disable deprecation, use _CRT_SECURE_NO_WARNINGS. See online help for details.
F:\Mir2dev\Mir2Development\Source\LoginServer\LoginServer\netgameserver.cpp(985,2): warning C4996: 'sprintf': This function or variable may be unsafe. Consider using sprintf_s instead. To disable deprecation, use _CRT_SECURE_NO_WARNINGS. See online help for details.
F:\Mir2dev\Mir2Development\Source\LoginServer\LoginServer\netgameserver.cpp(1004,3): warning C4996: 'sprintf': This function or variable may be unsafe. Consider using sprintf_s instead. To disable deprecation, use _CRT_SECURE_NO_WARNINGS. See online help for details.
F:\Mir2dev\Mir2Development\Source\LoginServer\LoginServer\netgameserver.cpp(1055,2): warning C4996: 'sprintf': This function or variable may be unsafe. Consider using sprintf_s instead. To disable deprecation, use _CRT_SECURE_NO_WARNINGS. See online help for details.
F:\Mir2dev\Mir2Development\Source\LoginServer\LoginServer\netgameserver.cpp(1074,3): warning C4996: 'sprintf': This function or variable may be unsafe. Consider using sprintf_s instead. To disable deprecation, use _CRT_SECURE_NO_WARNINGS. See online help for details.
F:\Mir2dev\Mir2Development\Source\LoginServer\LoginServer\netgameserver.cpp(1107,2): warning C4996: 'sprintf': This function or variable may be unsafe. Consider using sprintf_s instead. To disable deprecation, use _CRT_SECURE_NO_WARNINGS. See online help for details.
  netlogingate.cpp
F:\Mir2dev\Mir2Development\Source\LoginServer\LoginServer\netlogingate.cpp(137,2): warning C4996: 'strcpy': This function or variable may be unsafe. Consider using strcpy_s instead. To disable deprecation, use _CRT_SECURE_NO_WARNINGS. See online help for details.
F:\Mir2dev\Mir2Development\Source\LoginServer\LoginServer\netlogingate.cpp(218,3): warning C4996: 'strcpy': This function or variable may be unsafe. Consider using strcpy_s instead. To disable deprecation, use _CRT_SECURE_NO_WARNINGS. See online help for details.
F:\Mir2dev\Mir2Development\Source\LoginServer\LoginServer\netlogingate.cpp(230,3): warning C4996: 'strcpy': This function or variable may be unsafe. Consider using strcpy_s instead. To disable deprecation, use _CRT_SECURE_NO_WARNINGS. See online help for details.
F:\Mir2dev\Mir2Development\Source\LoginServer\LoginServer\netlogingate.cpp(413,6): warning C4996: 'strcpy': This function or variable may be unsafe. Consider using strcpy_s instead. To disable deprecation, use _CRT_SECURE_NO_WARNINGS. See online help for details.
F:\Mir2dev\Mir2Development\Source\LoginServer\LoginServer\netlogingate.cpp(415,6): warning C4996: 'strcpy': This function or variable may be unsafe. Consider using strcpy_s instead. To disable deprecation, use _CRT_SECURE_NO_WARNINGS. See online help for details.
F:\Mir2dev\Mir2Development\Source\LoginServer\LoginServer\netlogingate.cpp(166,2): warning C4996: 'sprintf': This function or variable may be unsafe. Consider using sprintf_s instead. To disable deprecation, use _CRT_SECURE_NO_WARNINGS. See online help for details.
F:\Mir2dev\Mir2Development\Source\LoginServer\LoginServer\netlogingate.cpp(352,4): warning C4996: 'sprintf': This function or variable may be unsafe. Consider using sprintf_s instead. To disable deprecation, use _CRT_SECURE_NO_WARNINGS. See online help for details.
F:\Mir2dev\Mir2Development\Source\LoginServer\LoginServer\netlogingate.cpp(399,4): warning C4996: 'sprintf': This function or variable may be unsafe. Consider using sprintf_s instead. To disable deprecation, use _CRT_SECURE_NO_WARNINGS. See online help for details.
F:\Mir2dev\Mir2Development\Source\LoginServer\LoginServer\netlogingate.cpp(711,5): warning C4996: 'sprintf': This function or variable may be unsafe. Consider using sprintf_s instead. To disable deprecation, use _CRT_SECURE_NO_WARNINGS. See online help for details.
F:\Mir2dev\Mir2Development\Source\LoginServer\LoginServer\netlogingate.cpp(746,2): warning C4996: 'strcpy': This function or variable may be unsafe. Consider using strcpy_s instead. To disable deprecation, use _CRT_SECURE_NO_WARNINGS. See online help for details.
F:\Mir2dev\Mir2Development\Source\LoginServer\LoginServer\netlogingate.cpp(798,3): warning C4996: 'strcpy': This function or variable may be unsafe. Consider using strcpy_s instead. To disable deprecation, use _CRT_SECURE_NO_WARNINGS. See online help for details.
F:\Mir2dev\Mir2Development\Source\LoginServer\LoginServer\netlogingate.cpp(817,7): warning C4996: 'stricmp': The POSIX name for this item is deprecated. Instead, use the ISO C and C++ conformant name: _stricmp. See online help for details.
F:\Mir2dev\Mir2Development\Source\LoginServer\LoginServer\netlogingate.cpp(843,2): warning C4996: 'sprintf': This function or variable may be unsafe. Consider using sprintf_s instead. To disable deprecation, use _CRT_SECURE_NO_WARNINGS. See online help for details.
F:\Mir2dev\Mir2Development\Source\LoginServer\LoginServer\netlogingate.cpp(1053,2): warning C4996: 'strcpy': This function or variable may be unsafe. Consider using strcpy_s instead. To disable deprecation, use _CRT_SECURE_NO_WARNINGS. See online help for details.
F:\Mir2dev\Mir2Development\Source\LoginServer\LoginServer\netlogingate.cpp(1054,2): warning C4996: 'strcpy': This function or variable may be unsafe. Consider using strcpy_s instead. To disable deprecation, use _CRT_SECURE_NO_WARNINGS. See online help for details.
  netloginsvr.cpp
F:\Mir2dev\Mir2Development\Source\LoginServer\LoginServer\netloginsvr.cpp(63,2): warning C4996: 'strcpy': This function or variable may be unsafe. Consider using strcpy_s instead. To disable deprecation, use _CRT_SECURE_NO_WARNINGS. See online help for details.
F:\Mir2dev\Mir2Development\Source\LoginServer\LoginServer\netloginsvr.cpp(266,9): warning C4996: 'stricmp': The POSIX name for this item is deprecated. Instead, use the ISO C and C++ conformant name: _stricmp. See online help for details.
F:\Mir2dev\Mir2Development\Source\LoginServer\LoginServer\netloginsvr.cpp(304,2): warning C4996: 'sprintf': This function or variable may be unsafe. Consider using sprintf_s instead. To disable deprecation, use _CRT_SECURE_NO_WARNINGS. See online help for details.
F:\Mir2dev\Mir2Development\Source\LoginServer\LoginServer\netloginsvr.cpp(330,2): warning C4996: 'sprintf': This function or variable may be unsafe. Consider using sprintf_s instead. To disable deprecation, use _CRT_SECURE_NO_WARNINGS. See online help for details.
F:\Mir2dev\Mir2Development\Source\LoginServer\LoginServer\netloginsvr.cpp(605,4): warning C4996: 'strcpy': This function or variable may be unsafe. Consider using strcpy_s instead. To disable deprecation, use _CRT_SECURE_NO_WARNINGS. See online help for details.
F:\Mir2dev\Mir2Development\Source\LoginServer\LoginServer\netloginsvr.cpp(606,4): warning C4996: 'strcpy': This function or variable may be unsafe. Consider using strcpy_s instead. To disable deprecation, use _CRT_SECURE_NO_WARNINGS. See online help for details.
F:\Mir2dev\Mir2Development\Source\LoginServer\LoginServer\netloginsvr.cpp(632,4): warning C4996: 'strcpy': This function or variable may be unsafe. Consider using strcpy_s instead. To disable deprecation, use _CRT_SECURE_NO_WARNINGS. See online help for details.
F:\Mir2dev\Mir2Development\Source\LoginServer\LoginServer\netloginsvr.cpp(664,6): warning C4996: 'strcpy': This function or variable may be unsafe. Consider using strcpy_s instead. To disable deprecation, use _CRT_SECURE_NO_WARNINGS. See online help for details.
F:\Mir2dev\Mir2Development\Source\LoginServer\LoginServer\netloginsvr.cpp(665,6): warning C4996: 'strcpy': This function or variable may be unsafe. Consider using strcpy_s instead. To disable deprecation, use _CRT_SECURE_NO_WARNINGS. See online help for details.
F:\Mir2dev\Mir2Development\Source\LoginServer\LoginServer\netloginsvr.cpp(585,2): warning C4996: 'sprintf': This function or variable may be unsafe. Consider using sprintf_s instead. To disable deprecation, use _CRT_SECURE_NO_WARNINGS. See online help for details.
F:\Mir2dev\Mir2Development\Source\LoginServer\LoginServer\netloginsvr.cpp(619,2): warning C4996: 'sprintf': This function or variable may be unsafe. Consider using sprintf_s instead. To disable deprecation, use _CRT_SECURE_NO_WARNINGS. See online help for details.
F:\Mir2dev\Mir2Development\Source\LoginServer\LoginServer\netloginsvr.cpp(641,4): warning C4996: 'sprintf': This function or variable may be unsafe. Consider using sprintf_s instead. To disable deprecation, use _CRT_SECURE_NO_WARNINGS. See online help for details.
F:\Mir2dev\Mir2Development\Source\LoginServer\LoginServer\netloginsvr.cpp(705,9): warning C4996: 'stricmp': The POSIX name for this item is deprecated. Instead, use the ISO C and C++ conformant name: _stricmp. See online help for details.
F:\Mir2dev\Mir2Development\Source\LoginServer\LoginServer\netloginsvr.cpp(729,9): warning C4996: 'stricmp': The POSIX name for this item is deprecated. Instead, use the ISO C and C++ conformant name: _stricmp. See online help for details.
F:\Mir2dev\Mir2Development\Source\LoginServer\LoginServer\netloginsvr.cpp(747,2): warning C4996: 'strcpy': This function or variable may be unsafe. Consider using strcpy_s instead. To disable deprecation, use _CRT_SECURE_NO_WARNINGS. See online help for details.
F:\Mir2dev\Mir2Development\Source\LoginServer\LoginServer\netloginsvr.cpp(748,2): warning C4996: 'strcpy': This function or variable may be unsafe. Consider using strcpy_s instead. To disable deprecation, use _CRT_SECURE_NO_WARNINGS. See online help for details.
F:\Mir2dev\Mir2Development\Source\LoginServer\LoginServer\netloginsvr.cpp(846,9): warning C4996: 'stricmp': The POSIX name for this item is deprecated. Instead, use the ISO C and C++ conformant name: _stricmp. See online help for details.
F:\Mir2dev\Mir2Development\Source\LoginServer\LoginServer\netloginsvr.cpp(1004,4): warning C4996: 'strcpy': This function or variable may be unsafe. Consider using strcpy_s instead. To disable deprecation, use _CRT_SECURE_NO_WARNINGS. See online help for details.
F:\Mir2dev\Mir2Development\Source\LoginServer\LoginServer\netloginsvr.cpp(1013,5): warning C4996: 'strcpy': This function or variable may be unsafe. Consider using strcpy_s instead. To disable deprecation, use _CRT_SECURE_NO_WARNINGS. See online help for details.
F:\Mir2dev\Mir2Development\Source\LoginServer\LoginServer\netloginsvr.cpp(990,2): warning C4996: 'sprintf': This function or variable may be unsafe. Consider using sprintf_s instead. To disable deprecation, use _CRT_SECURE_NO_WARNINGS. See online help for details.
F:\Mir2dev\Mir2Development\Source\LoginServer\LoginServer\netloginsvr.cpp(1006,4): warning C4996: 'sprintf': This function or variable may be unsafe. Consider using sprintf_s instead. To disable deprecation, use _CRT_SECURE_NO_WARNINGS. See online help for details.
F:\Mir2dev\Mir2Development\Source\LoginServer\LoginServer\netloginsvr.cpp(1032,5): warning C4996: 'sprintf': This function or variable may be unsafe. Consider using sprintf_s instead. To disable deprecation, use _CRT_SECURE_NO_WARNINGS. See online help for details.
F:\Mir2dev\Mir2Development\Source\LoginServer\LoginServer\netloginsvr.cpp(1075,2): warning C4996: 'strcat': This function or variable may be unsafe. Consider using strcat_s instead. To disable deprecation, use _CRT_SECURE_NO_WARNINGS. See online help for details.
F:\Mir2dev\Mir2Development\Source\LoginServer\LoginServer\netloginsvr.cpp(1073,2): warning C4996: 'itoa': The POSIX name for this item is deprecated. Instead, use the ISO C and C++ conformant name: _itoa. See online help for details.
F:\Mir2dev\Mir2Development\Source\LoginServer\LoginServer\netloginsvr.cpp(1131,2): warning C4996: 'sprintf': This function or variable may be unsafe. Consider using sprintf_s instead. To disable deprecation, use _CRT_SECURE_NO_WARNINGS. See online help for details.
  netUdpsender.cpp
F:\Mir2dev\Mir2Development\Source\LoginServer\LoginServer\netUdpsender.cpp(32,31): warning C4996: 'inet_addr': Use inet_pton() or InetPton() instead or define _WINSOCK_DEPRECATED_NO_WARNINGS to disable deprecated API warnings
F:\Mir2dev\Mir2Development\Source\LoginServer\LoginServer\netUdpsender.cpp(40,31): warning C4996: 'inet_addr': Use inet_pton() or InetPton() instead or define _WINSOCK_DEPRECATED_NO_WARNINGS to disable deprecated API warnings
F:\Mir2dev\Mir2Development\Source\LoginServer\LoginServer\netUdpsender.cpp(48,31): warning C4996: 'inet_addr': Use inet_pton() or InetPton() instead or define _WINSOCK_DEPRECATED_NO_WARNINGS to disable deprecated API warnings
  正在生成代码...
_Oranze Library_Debug.lib(error.obj) : error LNK2019: 无法解析的外部符号 _vsprintf，函数 "void __cdecl _outputerr(char *,...)" (?_outputerr@@YAXPADZZ) 中引用了该符号
.\..\_Bin\LoginSvr.exe : fatal error LNK1120: 1 个无法解析的外部命令
