f:\mir2dev\mir2development\source\loginserver\_obj_release\loginsvr\vc143.pdb
f:\mir2dev\mir2development\source\loginserver\_obj_release\loginsvr\netudpsender.obj
f:\mir2dev\mir2development\source\loginserver\_obj_release\loginsvr\netloginsvr.obj
f:\mir2dev\mir2development\source\loginserver\_obj_release\loginsvr\netlogingate.obj
f:\mir2dev\mir2development\source\loginserver\_obj_release\loginsvr\netgameserver.obj
f:\mir2dev\mir2development\source\loginserver\_obj_release\loginsvr\netcheckserver.obj
f:\mir2dev\mir2development\source\loginserver\_obj_release\loginsvr\mir2wnd.obj
f:\mir2dev\mir2development\source\loginserver\_obj_release\loginsvr\mir2dbhandler.obj
f:\mir2dev\mir2development\source\loginserver\_obj_release\loginsvr\loginsvrwnd.obj
f:\mir2dev\mir2development\source\loginserver\_obj_release\loginsvr\dlgcfg.obj
f:\mir2dev\mir2development\source\loginserver\_obj_release\loginsvr\netiocp.obj
f:\mir2dev\mir2development\source\loginserver\_obj_release\loginsvr\mir2packet.obj
f:\mir2dev\mir2development\source\loginserver\_obj_release\loginsvr\endecode.obj
f:\mir2dev\mir2development\source\loginserver\_obj_release\loginsvr\resource.res
f:\mir2dev\mir2development\source\loginserver\_obj_release\loginsvr\loginsvr.tlog\cl.command.1.tlog
f:\mir2dev\mir2development\source\loginserver\_obj_release\loginsvr\loginsvr.tlog\cl.read.1.tlog
f:\mir2dev\mir2development\source\loginserver\_obj_release\loginsvr\loginsvr.tlog\cl.write.1.tlog
f:\mir2dev\mir2development\source\loginserver\_obj_release\loginsvr\loginsvr.tlog\link-cvtres.read.1.tlog
f:\mir2dev\mir2development\source\loginserver\_obj_release\loginsvr\loginsvr.tlog\link-cvtres.write.1.tlog
f:\mir2dev\mir2development\source\loginserver\_obj_release\loginsvr\loginsvr.tlog\link-rc.read.1.tlog
f:\mir2dev\mir2development\source\loginserver\_obj_release\loginsvr\loginsvr.tlog\link-rc.write.1.tlog
f:\mir2dev\mir2development\source\loginserver\_obj_release\loginsvr\loginsvr.tlog\link.command.1.tlog
f:\mir2dev\mir2development\source\loginserver\_obj_release\loginsvr\loginsvr.tlog\link.read.1.tlog
f:\mir2dev\mir2development\source\loginserver\_obj_release\loginsvr\loginsvr.tlog\link.write.1.tlog
f:\mir2dev\mir2development\source\loginserver\_obj_release\loginsvr\loginsvr.tlog\rc.command.1.tlog
f:\mir2dev\mir2development\source\loginserver\_obj_release\loginsvr\loginsvr.tlog\rc.read.1.tlog
f:\mir2dev\mir2development\source\loginserver\_obj_release\loginsvr\loginsvr.tlog\rc.write.1.tlog
