f:\mir2dev\mir2development\source\mir2dbserver\_bin\dbsvr.bsc
f:\mir2dev\mir2development\source\mir2dbserver\_obj_debug\dbsvr\vc143.pdb
f:\mir2dev\mir2development\source\mir2dbserver\_obj_debug\dbsvr\vc143.idb
f:\mir2dev\mir2development\source\mir2dbserver\_obj_debug\dbsvr\endecode.sbr
f:\mir2dev\mir2development\source\mir2dbserver\_obj_debug\dbsvr\mir2packet.sbr
f:\mir2dev\mir2development\source\mir2dbserver\_obj_debug\dbsvr\sqlhandler.sbr
f:\mir2dev\mir2development\source\mir2dbserver\_obj_debug\dbsvr\netiocp.sbr
f:\mir2dev\mir2development\source\mir2dbserver\_obj_debug\dbsvr\dbsvrwnd.sbr
f:\mir2dev\mir2development\source\mir2dbserver\_obj_debug\dbsvr\dlgcfg.sbr
f:\mir2dev\mir2development\source\mir2dbserver\_obj_debug\dbsvr\mir2dbhandler.sbr
f:\mir2dev\mir2development\source\mir2dbserver\_obj_debug\dbsvr\mir2wnd.sbr
f:\mir2dev\mir2development\source\mir2dbserver\_obj_debug\dbsvr\msgfilter.sbr
f:\mir2dev\mir2development\source\mir2dbserver\_obj_debug\dbsvr\netdbserver.sbr
f:\mir2dev\mir2development\source\mir2dbserver\_obj_debug\dbsvr\netgameserver.sbr
f:\mir2dev\mir2development\source\mir2dbserver\_obj_debug\dbsvr\netloginserver.sbr
f:\mir2dev\mir2development\source\mir2dbserver\_obj_debug\dbsvr\netrungate.sbr
f:\mir2dev\mir2development\source\mir2dbserver\_obj_debug\dbsvr\tablesdefine.sbr
f:\mir2dev\mir2development\source\mir2dbserver\_obj_debug\dbsvr\tablesdefine.obj
f:\mir2dev\mir2development\source\mir2dbserver\_obj_debug\dbsvr\netrungate.obj
f:\mir2dev\mir2development\source\mir2dbserver\_obj_debug\dbsvr\netloginserver.obj
f:\mir2dev\mir2development\source\mir2dbserver\_obj_debug\dbsvr\netgameserver.obj
f:\mir2dev\mir2development\source\mir2dbserver\_obj_debug\dbsvr\netdbserver.obj
f:\mir2dev\mir2development\source\mir2dbserver\_obj_debug\dbsvr\msgfilter.obj
f:\mir2dev\mir2development\source\mir2dbserver\_obj_debug\dbsvr\mir2wnd.obj
f:\mir2dev\mir2development\source\mir2dbserver\_obj_debug\dbsvr\mir2dbhandler.obj
f:\mir2dev\mir2development\source\mir2dbserver\_obj_debug\dbsvr\dlgcfg.obj
f:\mir2dev\mir2development\source\mir2dbserver\_obj_debug\dbsvr\dbsvrwnd.obj
f:\mir2dev\mir2development\source\mir2dbserver\_obj_debug\dbsvr\netiocp.obj
f:\mir2dev\mir2development\source\mir2dbserver\_obj_debug\dbsvr\sqlhandler.obj
f:\mir2dev\mir2development\source\mir2dbserver\_obj_debug\dbsvr\mir2packet.obj
f:\mir2dev\mir2development\source\mir2dbserver\_obj_debug\dbsvr\endecode.obj
f:\mir2dev\mir2development\source\mir2dbserver\_bin\dbsvr.exe
f:\mir2dev\mir2development\source\mir2dbserver\_bin\dbsvr.pdb
f:\mir2dev\mir2development\source\mir2dbserver\_obj_debug\dbsvr\resource.res
f:\mir2dev\mir2development\source\mir2dbserver\_obj_debug\dbsvr\dbsvr.tlog\bscmake.command.1.tlog
f:\mir2dev\mir2development\source\mir2dbserver\_obj_debug\dbsvr\dbsvr.tlog\bscmake.read.1.tlog
f:\mir2dev\mir2development\source\mir2dbserver\_obj_debug\dbsvr\dbsvr.tlog\bscmake.write.1.tlog
f:\mir2dev\mir2development\source\mir2dbserver\_obj_debug\dbsvr\dbsvr.tlog\cl.command.1.tlog
f:\mir2dev\mir2development\source\mir2dbserver\_obj_debug\dbsvr\dbsvr.tlog\cl.read.1.tlog
f:\mir2dev\mir2development\source\mir2dbserver\_obj_debug\dbsvr\dbsvr.tlog\cl.write.1.tlog
f:\mir2dev\mir2development\source\mir2dbserver\_obj_debug\dbsvr\dbsvr.tlog\link.command.1.tlog
f:\mir2dev\mir2development\source\mir2dbserver\_obj_debug\dbsvr\dbsvr.tlog\link.read.1.tlog
f:\mir2dev\mir2development\source\mir2dbserver\_obj_debug\dbsvr\dbsvr.tlog\link.write.1.tlog
f:\mir2dev\mir2development\source\mir2dbserver\_obj_debug\dbsvr\dbsvr.tlog\rc.command.1.tlog
f:\mir2dev\mir2development\source\mir2dbserver\_obj_debug\dbsvr\dbsvr.tlog\rc.read.1.tlog
f:\mir2dev\mir2development\source\mir2dbserver\_obj_debug\dbsvr\dbsvr.tlog\rc.write.1.tlog
