f:\mir2dev\mir2development\source\loginserver\_obj_debug\loginsvr\vc143.pdb
f:\mir2dev\mir2development\source\loginserver\_obj_debug\loginsvr\vc143.idb
f:\mir2dev\mir2development\source\loginserver\_obj_debug\loginsvr\netudpsender.obj
f:\mir2dev\mir2development\source\loginserver\_obj_debug\loginsvr\netloginsvr.obj
f:\mir2dev\mir2development\source\loginserver\_obj_debug\loginsvr\netlogingate.obj
f:\mir2dev\mir2development\source\loginserver\_obj_debug\loginsvr\netgameserver.obj
f:\mir2dev\mir2development\source\loginserver\_obj_debug\loginsvr\netcheckserver.obj
f:\mir2dev\mir2development\source\loginserver\_obj_debug\loginsvr\mir2wnd.obj
f:\mir2dev\mir2development\source\loginserver\_obj_debug\loginsvr\mir2dbhandler.obj
f:\mir2dev\mir2development\source\loginserver\_obj_debug\loginsvr\loginsvrwnd.obj
f:\mir2dev\mir2development\source\loginserver\_obj_debug\loginsvr\dlgcfg.obj
f:\mir2dev\mir2development\source\loginserver\_obj_debug\loginsvr\netiocp.obj
f:\mir2dev\mir2development\source\loginserver\_obj_debug\loginsvr\mir2packet.obj
f:\mir2dev\mir2development\source\loginserver\_obj_debug\loginsvr\endecode.obj
f:\mir2dev\mir2development\source\loginserver\_bin\loginsvr.exe
f:\mir2dev\mir2development\source\loginserver\_bin\loginsvr.pdb
f:\mir2dev\mir2development\source\loginserver\_obj_debug\loginsvr\resource.res
f:\mir2dev\mir2development\source\loginserver\_obj_debug\loginsvr\loginsvr.tlog\cl.command.1.tlog
f:\mir2dev\mir2development\source\loginserver\_obj_debug\loginsvr\loginsvr.tlog\cl.read.1.tlog
f:\mir2dev\mir2development\source\loginserver\_obj_debug\loginsvr\loginsvr.tlog\cl.write.1.tlog
f:\mir2dev\mir2development\source\loginserver\_obj_debug\loginsvr\loginsvr.tlog\link.command.1.tlog
f:\mir2dev\mir2development\source\loginserver\_obj_debug\loginsvr\loginsvr.tlog\link.read.1.tlog
f:\mir2dev\mir2development\source\loginserver\_obj_debug\loginsvr\loginsvr.tlog\link.write.1.tlog
f:\mir2dev\mir2development\source\loginserver\_obj_debug\loginsvr\loginsvr.tlog\rc.command.1.tlog
f:\mir2dev\mir2development\source\loginserver\_obj_debug\loginsvr\loginsvr.tlog\rc.read.1.tlog
f:\mir2dev\mir2development\source\loginserver\_obj_debug\loginsvr\loginsvr.tlog\rc.write.1.tlog
