  netlogingate.cpp
F:\Mir2dev\Mir2Development\Source\LoginServer\LoginServer\netlogingate.cpp(137,2): warning C4996: 'strcpy': This function or variable may be unsafe. Consider using strcpy_s instead. To disable deprecation, use _CRT_SECURE_NO_WARNINGS. See online help for details.
F:\Mir2dev\Mir2Development\Source\LoginServer\LoginServer\netlogingate.cpp(166,2): warning C4996: 'sprintf': This function or variable may be unsafe. Consider using sprintf_s instead. To disable deprecation, use _CRT_SECURE_NO_WARNINGS. See online help for details.
F:\Mir2dev\Mir2Development\Source\LoginServer\LoginServer\netlogingate.cpp(218,3): warning C4996: 'strcpy': This function or variable may be unsafe. Consider using strcpy_s instead. To disable deprecation, use _CRT_SECURE_NO_WARNINGS. See online help for details.
F:\Mir2dev\Mir2Development\Source\LoginServer\LoginServer\netlogingate.cpp(230,3): warning C4996: 'strcpy': This function or variable may be unsafe. Consider using strcpy_s instead. To disable deprecation, use _CRT_SECURE_NO_WARNINGS. See online help for details.
F:\Mir2dev\Mir2Development\Source\LoginServer\LoginServer\netlogingate.cpp(352,4): warning C4996: 'sprintf': This function or variable may be unsafe. Consider using sprintf_s instead. To disable deprecation, use _CRT_SECURE_NO_WARNINGS. See online help for details.
F:\Mir2dev\Mir2Development\Source\LoginServer\LoginServer\netlogingate.cpp(399,4): warning C4996: 'sprintf': This function or variable may be unsafe. Consider using sprintf_s instead. To disable deprecation, use _CRT_SECURE_NO_WARNINGS. See online help for details.
F:\Mir2dev\Mir2Development\Source\LoginServer\LoginServer\netlogingate.cpp(413,6): warning C4996: 'strcpy': This function or variable may be unsafe. Consider using strcpy_s instead. To disable deprecation, use _CRT_SECURE_NO_WARNINGS. See online help for details.
F:\Mir2dev\Mir2Development\Source\LoginServer\LoginServer\netlogingate.cpp(415,6): warning C4996: 'strcpy': This function or variable may be unsafe. Consider using strcpy_s instead. To disable deprecation, use _CRT_SECURE_NO_WARNINGS. See online help for details.
F:\Mir2dev\Mir2Development\Source\LoginServer\LoginServer\netlogingate.cpp(711,5): warning C4996: 'sprintf': This function or variable may be unsafe. Consider using sprintf_s instead. To disable deprecation, use _CRT_SECURE_NO_WARNINGS. See online help for details.
F:\Mir2dev\Mir2Development\Source\LoginServer\LoginServer\netlogingate.cpp(746,2): warning C4996: 'strcpy': This function or variable may be unsafe. Consider using strcpy_s instead. To disable deprecation, use _CRT_SECURE_NO_WARNINGS. See online help for details.
F:\Mir2dev\Mir2Development\Source\LoginServer\LoginServer\netlogingate.cpp(798,3): warning C4996: 'strcpy': This function or variable may be unsafe. Consider using strcpy_s instead. To disable deprecation, use _CRT_SECURE_NO_WARNINGS. See online help for details.
F:\Mir2dev\Mir2Development\Source\LoginServer\LoginServer\netlogingate.cpp(817,7): warning C4996: 'stricmp': The POSIX name for this item is deprecated. Instead, use the ISO C and C++ conformant name: _stricmp. See online help for details.
F:\Mir2dev\Mir2Development\Source\LoginServer\LoginServer\netlogingate.cpp(843,2): warning C4996: 'sprintf': This function or variable may be unsafe. Consider using sprintf_s instead. To disable deprecation, use _CRT_SECURE_NO_WARNINGS. See online help for details.
F:\Mir2dev\Mir2Development\Source\LoginServer\LoginServer\netlogingate.cpp(1053,2): warning C4996: 'strcpy': This function or variable may be unsafe. Consider using strcpy_s instead. To disable deprecation, use _CRT_SECURE_NO_WARNINGS. See online help for details.
F:\Mir2dev\Mir2Development\Source\LoginServer\LoginServer\netlogingate.cpp(1054,2): warning C4996: 'strcpy': This function or variable may be unsafe. Consider using strcpy_s instead. To disable deprecation, use _CRT_SECURE_NO_WARNINGS. See online help for details.
endecode.obj : warning LNK4075: 忽略“/EDITANDCONTINUE”(由于“/INCREMENTAL:NO”规范)
_Oranze Library_Debug.lib(database.obj) : warning LNK4099: 未找到 PDB“vc70.pdb”(使用“_Oranze Library_Debug.lib(database.obj)”或在“F:\Mir2dev\Mir2Development\Source\LoginServer\_Bin\vc70.pdb”中寻找)；正在链接对象，如同没有调试信息一样
_Oranze Library_Debug.lib(datelog.obj) : warning LNK4099: 未找到 PDB“vc70.pdb”(使用“_Oranze Library_Debug.lib(datelog.obj)”或在“F:\Mir2dev\Mir2Development\Source\LoginServer\_Bin\vc70.pdb”中寻找)；正在链接对象，如同没有调试信息一样
_Oranze Library_Debug.lib(error.obj) : warning LNK4099: 未找到 PDB“vc70.pdb”(使用“_Oranze Library_Debug.lib(error.obj)”或在“F:\Mir2dev\Mir2Development\Source\LoginServer\_Bin\vc70.pdb”中寻找)；正在链接对象，如同没有调试信息一样
_Oranze Library_Debug.lib(file.obj) : warning LNK4099: 未找到 PDB“vc70.pdb”(使用“_Oranze Library_Debug.lib(file.obj)”或在“F:\Mir2dev\Mir2Development\Source\LoginServer\_Bin\vc70.pdb”中寻找)；正在链接对象，如同没有调试信息一样
_Oranze Library_Debug.lib(netbase.obj) : warning LNK4099: 未找到 PDB“vc70.pdb”(使用“_Oranze Library_Debug.lib(netbase.obj)”或在“F:\Mir2dev\Mir2Development\Source\LoginServer\_Bin\vc70.pdb”中寻找)；正在链接对象，如同没有调试信息一样
_Oranze Library_Debug.lib(prime.obj) : warning LNK4099: 未找到 PDB“vc70.pdb”(使用“_Oranze Library_Debug.lib(prime.obj)”或在“F:\Mir2dev\Mir2Development\Source\LoginServer\_Bin\vc70.pdb”中寻找)；正在链接对象，如同没有调试信息一样
_Oranze Library_Debug.lib(stringex.obj) : warning LNK4099: 未找到 PDB“vc70.pdb”(使用“_Oranze Library_Debug.lib(stringex.obj)”或在“F:\Mir2dev\Mir2Development\Source\LoginServer\_Bin\vc70.pdb”中寻找)；正在链接对象，如同没有调试信息一样
_Oranze Library_Debug.lib(syncobj.obj) : warning LNK4099: 未找到 PDB“vc70.pdb”(使用“_Oranze Library_Debug.lib(syncobj.obj)”或在“F:\Mir2dev\Mir2Development\Source\LoginServer\_Bin\vc70.pdb”中寻找)；正在链接对象，如同没有调试信息一样
  LoginSvr.vcxproj -> F:\Mir2dev\Mir2Development\Source\LoginServer\_Bin\LoginSvr.exe
